<?xml version="1.0" encoding="UTF-8"?>
<!-- Generated by org.testng.reporters.JUnitReportReporter -->
<testsuite hostname="DESKTOP-8268NPD" failures="0" tests="1" name="testCases.TC001_Login" time="22.872" errors="0" timestamp="2023-08-13T16:24:40 IST" skipped="0">
  <testcase classname="testCases.TC001_Login" name="testCase001" time="22.872"/>
  <system-out/>
</testsuite> <!-- testCases.TC001_Login -->
