<?xml version="1.0" encoding="UTF-8"?>
<!-- Generated by org.testng.reporters.JUnitReportReporter -->
<testsuite hostname="DESKTOP-8268NPD" failures="0" tests="1" name="week6.day1.OpenFlikart" time="88.745" errors="0" timestamp="2023-06-24T15:41:59 IST" skipped="0">
  <testcase classname="week6.day1.OpenFlikart" name="openKart" time="88.745"/>
  <system-out/>
</testsuite> <!-- week6.day1.OpenFlikart -->
