<?xml version="1.0" encoding="UTF-8"?>
<!-- Generated by org.testng.reporters.JUnitReportReporter -->
<testsuite hostname="DESKTOP-8268NPD" failures="0" tests="3" name="week7.day1.StaticParameterization" time="45.625" errors="0" timestamp="2023-07-02T11:56:32 IST" skipped="0">
  <testcase classname="week7.day1.StaticParameterization" name="CreteLead" time="11.425"/>
  <system-out/>
  <testcase classname="week7.day1.StaticParameterization" name="CreteLead" time="17.897"/>
  <system-out/>
  <testcase classname="week7.day1.StaticParameterization" name="CreteLead" time="16.303"/>
  <system-out/>
</testsuite> <!-- week7.day1.StaticParameterization -->
