<?xml version="1.0" encoding="UTF-8"?>
<!-- Generated by org.testng.reporters.JUnitReportReporter -->
<testsuite hostname="DESKTOP-8268NPD" failures="0" tests="2" name="week6.day1.AnnotationBasics" time="0.031" errors="0" timestamp="2023-06-24T15:22:02 IST" skipped="0">
  <testcase classname="week6.day1.AnnotationBasics" name="f1" time="0.009"/>
  <system-out/>
  <testcase classname="week6.day1.AnnotationBasics" name="f" time="0.022"/>
  <system-out/>
</testsuite> <!-- week6.day1.AnnotationBasics -->
