<?xml version="1.0" encoding="UTF-8"?>
<!-- Generated by org.testng.reporters.JUnitReportReporter -->
<testsuite hostname="DESKTOP-8268NPD" failures="0" tests="5" name="week7.day1.Enabled" time="0.017" errors="0" timestamp="2023-07-01T14:27:44 IST" skipped="1">
  <testcase classname="week7.day1.Enabled" name="method5" time="0.002"/>
  <system-out/>
  <testcase classname="week7.day1.Enabled" name="method4" time="0.003"/>
  <system-out/>
  <testcase classname="week7.day1.Enabled" name="method3" time="0.001"/>
  <system-out/>
  <testcase classname="week7.day1.Enabled" name="method2" time="0.011"/>
  <system-out/>
  <testcase classname="week7.day1.Enabled" name="method6">
    <skipped/>
  </testcase> <!-- method6 -->
  <system-out/>
</testsuite> <!-- week7.day1.Enabled -->
