<?xml version="1.0" encoding="UTF-8"?>
<!-- Generated by org.testng.reporters.JUnitReportReporter -->
<testsuite hostname="DESKTOP-8268NPD" failures="0" tests="1" name="week7.day1.DataProvider" time="26.588" errors="0" timestamp="2023-07-01T19:56:20 IST" skipped="0">
  <testcase classname="week7.day1.DataProvider" name="createLead" time="26.588"/>
  <system-out/>
</testsuite> <!-- week7.day1.DataProvider -->
