<?xml version="1.0" encoding="UTF-8"?>
<!-- Generated by org.testng.reporters.JUnitReportReporter -->
<testsuite hostname="DESKTOP-8268NPD" failures="0" tests="6" name="week7.day1.InvacationCount" time="129.155" errors="0" timestamp="2023-07-01T14:37:28 IST" skipped="0">
  <testcase classname="week7.day1.InvacationCount" name="method6" time="19.025"/>
  <system-out/>
  <testcase classname="week7.day1.InvacationCount" name="method6" time="19.385"/>
  <system-out/>
  <testcase classname="week7.day1.InvacationCount" name="method6" time="24.041"/>
  <system-out/>
  <testcase classname="week7.day1.InvacationCount" name="method6" time="23.671"/>
  <system-out/>
  <testcase classname="week7.day1.InvacationCount" name="method6" time="23.801"/>
  <system-out/>
  <testcase classname="week7.day1.InvacationCount" name="method6" time="19.232"/>
  <system-out/>
</testsuite> <!-- week7.day1.InvacationCount -->
