<?xml version="1.0" encoding="UTF-8"?>
<!-- Generated by org.testng.reporters.JUnitReportReporter -->
<testsuite hostname="DESKTOP-8268NPD" failures="0" tests="5" name="week7.day1.TestPriority" time="0.023" errors="0" timestamp="2023-07-01T14:20:58 IST" skipped="0">
  <testcase classname="week7.day1.TestPriority" name="method4" time="0.008"/>
  <system-out/>
  <testcase classname="week7.day1.TestPriority" name="method3" time="0.003"/>
  <system-out/>
  <testcase classname="week7.day1.TestPriority" name="method2" time="0.002"/>
  <system-out/>
  <testcase classname="week7.day1.TestPriority" name="method5" time="0.007"/>
  <system-out/>
  <testcase classname="week7.day1.TestPriority" name="method6" time="0.003"/>
  <system-out/>
</testsuite> <!-- week7.day1.TestPriority -->
