<?xml version="1.0" encoding="UTF-8"?>
<!-- Generated by org.testng.reporters.JUnitReportReporter -->
<testsuite hostname="DESKTOP-8268NPD" failures="0" tests="3" name="week7.day1.TC001_CreateLead" time="40.760" errors="0" timestamp="2023-07-02T12:05:16 IST" skipped="0">
  <testcase classname="week7.day1.TC001_CreateLead" name="CreteLead" time="18.143"/>
  <system-out/>
  <testcase classname="week7.day1.TC001_CreateLead" name="CreteLead" time="10.381"/>
  <system-out/>
  <testcase classname="week7.day1.TC001_CreateLead" name="CreteLead" time="12.236"/>
  <system-out/>
</testsuite> <!-- week7.day1.TC001_CreateLead -->
