<?xml version="1.0" encoding="UTF-8"?>
<!-- Generated by org.testng.reporters.JUnitReportReporter -->
<testsuite hostname="DESKTOP-8268NPD" failures="0" tests="1" name="week6.day1.OpenAmazon" time="81.624" errors="0" timestamp="2023-06-24T15:41:59 IST" skipped="0">
  <testcase classname="week6.day1.OpenAmazon" name="openZon" time="81.624"/>
  <system-out/>
</testsuite> <!-- week6.day1.OpenAmazon -->
