<?xml version="1.0" encoding="UTF-8"?>
<!-- Generated by org.testng.reporters.JUnitReportReporter -->
<testsuite hostname="DESKTOP-8268NPD" failures="0" tests="4" name="runner.TestRunner" time="42.124" errors="0" timestamp="2023-08-12T16:53:11 IST" skipped="0">
  <testcase classname="runner.TestRunner" name="runScenario" time="8.884"/>
  <system-out/>
  <testcase classname="runner.TestRunner" name="runScenario" time="10.542"/>
  <system-out/>
  <testcase classname="runner.TestRunner" name="runScenario" time="15.314"/>
  <system-out/>
  <testcase classname="runner.TestRunner" name="runScenario" time="7.384"/>
  <system-out/>
</testsuite> <!-- runner.TestRunner -->
